{"@timestamp":"2020-03-21T22:50:51.619+02:00","@version":"1","message":"Starting BootifulElkApplication on LT-IPASCARI with PID 32476 (D:\\projects\\bootiful-elk\\target\\classes started by ipascari in D:\\projects\\bootiful-elk)","logger_name":"com.evil.learning.bootifulelk.config.BootifulElkApplication","thread_name":"main","level":"INFO","level_value":20000}
{"@timestamp":"2020-03-21T22:50:51.631+02:00","@version":"1","message":"No active profile set, falling back to default profiles: default","logger_name":"com.evil.learning.bootifulelk.config.BootifulElkApplication","thread_name":"main","level":"INFO","level_value":20000}
{"@timestamp":"2020-03-21T22:50:52.379+02:00","@version":"1","message":"Bootstrapping Spring Data Elasticsearch repositories in DEFAULT mode.","logger_name":"org.springframework.data.repository.config.RepositoryConfigurationDelegate","thread_name":"main","level":"INFO","level_value":20000}
{"@timestamp":"2020-03-21T22:50:52.393+02:00","@version":"1","message":"Finished Spring Data repository scanning in 9ms. Found 0 Elasticsearch repository interfaces.","logger_name":"org.springframework.data.repository.config.RepositoryConfigurationDelegate","thread_name":"main","level":"INFO","level_value":20000}
{"@timestamp":"2020-03-21T22:50:52.397+02:00","@version":"1","message":"Bootstrapping Spring Data Reactive Elasticsearch repositories in DEFAULT mode.","logger_name":"org.springframework.data.repository.config.RepositoryConfigurationDelegate","thread_name":"main","level":"INFO","level_value":20000}
{"@timestamp":"2020-03-21T22:50:52.399+02:00","@version":"1","message":"Finished Spring Data repository scanning in 1ms. Found 0 Reactive Elasticsearch repository interfaces.","logger_name":"org.springframework.data.repository.config.RepositoryConfigurationDelegate","thread_name":"main","level":"INFO","level_value":20000}
{"@timestamp":"2020-03-21T22:50:52.765+02:00","@version":"1","message":"Tomcat initialized with port(s): 8080 (http)","logger_name":"org.springframework.boot.web.embedded.tomcat.TomcatWebServer","thread_name":"main","level":"INFO","level_value":20000}
{"@timestamp":"2020-03-21T22:50:52.772+02:00","@version":"1","message":"Initializing ProtocolHandler [\"http-nio-8080\"]","logger_name":"org.apache.coyote.http11.Http11NioProtocol","thread_name":"main","level":"INFO","level_value":20000}
{"@timestamp":"2020-03-21T22:50:52.772+02:00","@version":"1","message":"Starting service [Tomcat]","logger_name":"org.apache.catalina.core.StandardService","thread_name":"main","level":"INFO","level_value":20000}
{"@timestamp":"2020-03-21T22:50:52.773+02:00","@version":"1","message":"Starting Servlet engine: [Apache Tomcat/9.0.31]","logger_name":"org.apache.catalina.core.StandardEngine","thread_name":"main","level":"INFO","level_value":20000}
{"@timestamp":"2020-03-21T22:50:52.859+02:00","@version":"1","message":"Initializing Spring embedded WebApplicationContext","logger_name":"org.apache.catalina.core.ContainerBase.[Tomcat].[localhost].[/]","thread_name":"main","level":"INFO","level_value":20000}
{"@timestamp":"2020-03-21T22:50:52.860+02:00","@version":"1","message":"Root WebApplicationContext: initialization completed in 1155 ms","logger_name":"org.springframework.web.context.ContextLoader","thread_name":"main","level":"INFO","level_value":20000}
{"@timestamp":"2020-03-21T22:50:53.878+02:00","@version":"1","message":"Initializing ExecutorService 'applicationTaskExecutor'","logger_name":"org.springframework.scheduling.concurrent.ThreadPoolTaskExecutor","thread_name":"main","level":"INFO","level_value":20000}
{"@timestamp":"2020-03-21T22:50:54.062+02:00","@version":"1","message":"Initializing ExecutorService 'taskScheduler'","logger_name":"org.springframework.scheduling.concurrent.ThreadPoolTaskScheduler","thread_name":"main","level":"INFO","level_value":20000}
{"@timestamp":"2020-03-21T22:50:54.068+02:00","@version":"1","message":"Exposing 2 endpoint(s) beneath base path '/actuator'","logger_name":"org.springframework.boot.actuate.endpoint.web.EndpointLinksResolver","thread_name":"main","level":"INFO","level_value":20000}
{"@timestamp":"2020-03-21T22:50:54.100+02:00","@version":"1","message":"Starting ProtocolHandler [\"http-nio-8080\"]","logger_name":"org.apache.coyote.http11.Http11NioProtocol","thread_name":"main","level":"INFO","level_value":20000}
{"@timestamp":"2020-03-21T22:50:54.110+02:00","@version":"1","message":"Tomcat started on port(s): 8080 (http) with context path ''","logger_name":"org.springframework.boot.web.embedded.tomcat.TomcatWebServer","thread_name":"main","level":"INFO","level_value":20000}
{"@timestamp":"2020-03-21T22:50:54.113+02:00","@version":"1","message":"Started BootifulElkApplication in 2.82 seconds (JVM running for 4.363)","logger_name":"com.evil.learning.bootifulelk.config.BootifulElkApplication","thread_name":"main","level":"INFO","level_value":20000}
{"@timestamp":"2020-03-21T22:50:54.641+02:00","@version":"1","message":"Initializing Spring DispatcherServlet 'dispatcherServlet'","logger_name":"org.apache.catalina.core.ContainerBase.[Tomcat].[localhost].[/]","thread_name":"RMI TCP Connection(1)-10.0.75.1","level":"INFO","level_value":20000}
{"@timestamp":"2020-03-21T22:50:54.641+02:00","@version":"1","message":"Initializing Servlet 'dispatcherServlet'","logger_name":"org.springframework.web.servlet.DispatcherServlet","thread_name":"RMI TCP Connection(1)-10.0.75.1","level":"INFO","level_value":20000}
{"@timestamp":"2020-03-21T22:50:54.646+02:00","@version":"1","message":"Completed initialization in 5 ms","logger_name":"org.springframework.web.servlet.DispatcherServlet","thread_name":"RMI TCP Connection(1)-10.0.75.1","level":"INFO","level_value":20000}
{"@timestamp":"2020-03-21T22:53:32.855+02:00","@version":"1","message":"Starting BootifulElkApplication on LT-IPASCARI with PID 32844 (D:\\projects\\bootiful-elk\\target\\classes started by ipascari in D:\\projects\\bootiful-elk)","logger_name":"com.evil.learning.bootifulelk.config.BootifulElkApplication","thread_name":"main","level":"INFO","level_value":20000}
{"@timestamp":"2020-03-21T22:53:32.862+02:00","@version":"1","message":"No active profile set, falling back to default profiles: default","logger_name":"com.evil.learning.bootifulelk.config.BootifulElkApplication","thread_name":"main","level":"INFO","level_value":20000}
{"@timestamp":"2020-03-21T22:53:33.666+02:00","@version":"1","message":"Bootstrapping Spring Data Elasticsearch repositories in DEFAULT mode.","logger_name":"org.springframework.data.repository.config.RepositoryConfigurationDelegate","thread_name":"main","level":"INFO","level_value":20000}
{"@timestamp":"2020-03-21T22:53:33.681+02:00","@version":"1","message":"Finished Spring Data repository scanning in 11ms. Found 0 Elasticsearch repository interfaces.","logger_name":"org.springframework.data.repository.config.RepositoryConfigurationDelegate","thread_name":"main","level":"INFO","level_value":20000}
{"@timestamp":"2020-03-21T22:53:33.685+02:00","@version":"1","message":"Bootstrapping Spring Data Reactive Elasticsearch repositories in DEFAULT mode.","logger_name":"org.springframework.data.repository.config.RepositoryConfigurationDelegate","thread_name":"main","level":"INFO","level_value":20000}
{"@timestamp":"2020-03-21T22:53:33.686+02:00","@version":"1","message":"Finished Spring Data repository scanning in 0ms. Found 0 Reactive Elasticsearch repository interfaces.","logger_name":"org.springframework.data.repository.config.RepositoryConfigurationDelegate","thread_name":"main","level":"INFO","level_value":20000}
{"@timestamp":"2020-03-21T22:53:34.063+02:00","@version":"1","message":"Tomcat initialized with port(s): 8080 (http)","logger_name":"org.springframework.boot.web.embedded.tomcat.TomcatWebServer","thread_name":"main","level":"INFO","level_value":20000}
{"@timestamp":"2020-03-21T22:53:34.070+02:00","@version":"1","message":"Initializing ProtocolHandler [\"http-nio-8080\"]","logger_name":"org.apache.coyote.http11.Http11NioProtocol","thread_name":"main","level":"INFO","level_value":20000}
{"@timestamp":"2020-03-21T22:53:34.070+02:00","@version":"1","message":"Starting service [Tomcat]","logger_name":"org.apache.catalina.core.StandardService","thread_name":"main","level":"INFO","level_value":20000}
{"@timestamp":"2020-03-21T22:53:34.070+02:00","@version":"1","message":"Starting Servlet engine: [Apache Tomcat/9.0.31]","logger_name":"org.apache.catalina.core.StandardEngine","thread_name":"main","level":"INFO","level_value":20000}
{"@timestamp":"2020-03-21T22:53:34.158+02:00","@version":"1","message":"Initializing Spring embedded WebApplicationContext","logger_name":"org.apache.catalina.core.ContainerBase.[Tomcat].[localhost].[/]","thread_name":"main","level":"INFO","level_value":20000}
{"@timestamp":"2020-03-21T22:53:34.158+02:00","@version":"1","message":"Root WebApplicationContext: initialization completed in 1230 ms","logger_name":"org.springframework.web.context.ContextLoader","thread_name":"main","level":"INFO","level_value":20000}
{"@timestamp":"2020-03-21T22:53:35.205+02:00","@version":"1","message":"Initializing ExecutorService 'applicationTaskExecutor'","logger_name":"org.springframework.scheduling.concurrent.ThreadPoolTaskExecutor","thread_name":"main","level":"INFO","level_value":20000}
{"@timestamp":"2020-03-21T22:53:35.385+02:00","@version":"1","message":"Initializing ExecutorService 'taskScheduler'","logger_name":"org.springframework.scheduling.concurrent.ThreadPoolTaskScheduler","thread_name":"main","level":"INFO","level_value":20000}
{"@timestamp":"2020-03-21T22:53:35.391+02:00","@version":"1","message":"Exposing 2 endpoint(s) beneath base path '/actuator'","logger_name":"org.springframework.boot.actuate.endpoint.web.EndpointLinksResolver","thread_name":"main","level":"INFO","level_value":20000}
{"@timestamp":"2020-03-21T22:53:35.425+02:00","@version":"1","message":"Starting ProtocolHandler [\"http-nio-8080\"]","logger_name":"org.apache.coyote.http11.Http11NioProtocol","thread_name":"main","level":"INFO","level_value":20000}
{"@timestamp":"2020-03-21T22:53:35.436+02:00","@version":"1","message":"Tomcat started on port(s): 8080 (http) with context path ''","logger_name":"org.springframework.boot.web.embedded.tomcat.TomcatWebServer","thread_name":"main","level":"INFO","level_value":20000}
{"@timestamp":"2020-03-21T22:53:35.438+02:00","@version":"1","message":"Started BootifulElkApplication in 2.9 seconds (JVM running for 4.228)","logger_name":"com.evil.learning.bootifulelk.config.BootifulElkApplication","thread_name":"main","level":"INFO","level_value":20000}
{"@timestamp":"2020-03-21T22:53:35.970+02:00","@version":"1","message":"Initializing Spring DispatcherServlet 'dispatcherServlet'","logger_name":"org.apache.catalina.core.ContainerBase.[Tomcat].[localhost].[/]","thread_name":"RMI TCP Connection(1)-10.0.75.1","level":"INFO","level_value":20000}
{"@timestamp":"2020-03-21T22:53:35.970+02:00","@version":"1","message":"Initializing Servlet 'dispatcherServlet'","logger_name":"org.springframework.web.servlet.DispatcherServlet","thread_name":"RMI TCP Connection(1)-10.0.75.1","level":"INFO","level_value":20000}
{"@timestamp":"2020-03-21T22:53:35.975+02:00","@version":"1","message":"Completed initialization in 5 ms","logger_name":"org.springframework.web.servlet.DispatcherServlet","thread_name":"RMI TCP Connection(1)-10.0.75.1","level":"INFO","level_value":20000}
